<?xml version="1.0" encoding="UTF-8"?>
<!-- Generated by org.testng.reporters.JUnitXMLReporter -->
<testsuite ignored="0" hostname="HO-356" failures="0" tests="3" name="Test" time="0.172" errors="0" timestamp="१३ ऑक्टो २०२१ ०९:५५:३८ GMT">
  <testcase classname="appTests.AppTest" name="invalidLoginTest" time="0.041"/>
  <testcase classname="appTests.AppTest" name="loginTest" time="0.001"/>
  <testcase classname="appTests.NumberCompare" name="intComparison" time="0.0"/>
</testsuite> <!-- Test -->
