<?xml version="1.0" encoding="UTF-8"?>
<testsuite xmlns:xsi="http://www.w3.org/2001/XMLSchema-instance" xsi:noNamespaceSchemaLocation="https://maven.apache.org/surefire/maven-surefire-plugin/xsd/surefire-test-report-3.0.xsd" version="3.0" name="TestSuite" time="32.938" tests="6" errors="0" skipped="2" failures="1">
  <properties>
[...]
</properties>
  <testcase name="invalidLoginTest" classname="appTests.AppTest" time="0.026">
    <system-out><![CDATA[[TestNGContentHandler] [WARN] It is strongly recommended to add "<!DOCTYPE suite SYSTEM "http://testng.org/testng-1.0.dtd" >" at the top of your file, otherwise TestNG may fail or not work as expected.
]]></system-out>
  </testcase>
  <testcase name="loginTest" classname="appTests.AppTest" time="0.002"/>
  <testcase name="intComparison" classname="appTests.NumberCompare" time="0.003"/>
  <testcase name="beforeTest" classname="appTests.SeleniumDev" time="25.828">
    <failure message="java.io.IOException: Unable to parse URL: http://localhost:३२००५/session&#10;Build info: version: &apos;3.141.59&apos;, revision: &apos;e82be7d358&apos;, time: &apos;2018-11-14T08:17:03&apos;&#10;System info: host: &apos;HO-356&apos;, ip: &apos;192.168.1.100&apos;, os.name: &apos;Windows 8.1&apos;, os.arch: &apos;amd64&apos;, os.version: &apos;6.3&apos;, java.version: &apos;11.0.10&apos;&#10;Driver info: driver.version: FirefoxDriver" type="org.openqa.selenium.WebDriverException"><![CDATA[org.openqa.selenium.WebDriverException: 
java.io.IOException: Unable to parse URL: http://localhost:३२००५/session
Build info: version: '3.141.59', revision: 'e82be7d358', time: '2018-11-14T08:17:03'
System info: host: 'HO-356', ip: '192.168.1.100', os.name: 'Windows 8.1', os.arch: 'amd64', os.version: '6.3', java.version: '11.0.10'
Driver info: driver.version: FirefoxDriver
	at appTests.SeleniumDev.beforeTest(SeleniumDev.java:25)
Caused by: java.io.IOException: Unable to parse URL: http://localhost:३२००५/session
	at appTests.SeleniumDev.beforeTest(SeleniumDev.java:25)
]]></failure>
    <system-err><![CDATA[Cgeckod:r\Users\Naidu\eclipse-workspace\DevOpsProjeicvte\r 0.30.0 (dsrc\te372710b98a6 20s2t1\-r0e9sources\driver\geckodriver.exe: error: invalid --port: invalid digit- 1f6o u10:29 +0300) 
WebDriver implementation for Firefox

USAGE:
    geckodriver.exe [FLAGS] [OPTIONS]

FLAGS:
        --connect-existing    Connect to an existing Firefox instance
    -h, --help                Prints this message
        --jsdebugger          Attach browser toolbox debugger for Firefox
    -v                        Log level verbosity (-v for debug and -vv for trace level)
    -V, --version             Prints version and copying information

OPTIONS:
        --android-storage <ANDROID_STORAGE>    Selects storage location to be used for test data (deprecated). [possible
                                               values: auto, app, internal, sdcard]
    -b, --binary <BINARY>     n d   i n   s t r ing:      à ¥ © Path to the Firefox binary
        --log <LEVEL>                          Set Gecko log level [possible values: fatal, error, warn, info, config,
                                               debug, trace]
      à¥¨à¥¦à¥¦à¥«
  --marionette-host <HOST>               Host to use to connect to Gecko [default: 127.0.0.1]
        --marionette-port <PORT>               Port to use to connect to Gecko [default: system-allocated port]
        --host <HOST>                          Host IP to use for WebDriver server [default: 127.0.0.1]
    -p, --port <PORT>                          Port to use for WebDriver server [default: 4444]
        --websocket-port <PORT>                Port to use to connect to WebDriver BiDi [default: 9222]
]]></system-err>
  </testcase>
  <testcase name="titleTest" classname="appTests.SeleniumDev" time="0">
    <skipped message="java.io.IOException: Unable to parse URL: http://localhost:३२००५/session&#10;Build info: version: &apos;3.141.59&apos;, revision: &apos;e82be7d358&apos;, time: &apos;2018-11-14T08:17:03&apos;&#10;System info: host: &apos;HO-356&apos;, ip: &apos;192.168.1.100&apos;, os.name: &apos;Windows 8.1&apos;, os.arch: &apos;amd64&apos;, os.version: &apos;6.3&apos;, java.version: &apos;11.0.10&apos;&#10;Driver info: driver.version: FirefoxDriver"/>
  </testcase>
  <testcase name="afterTest" classname="appTests.SeleniumDev" time="0">
    <skipped/>
  </testcase>
</testsuite>