<?xml version="1.0" encoding="UTF-8"?>
<testng-results skipped="0" failed="0" ignored="0" total="1" passed="1">
  <reporter-output>
  </reporter-output>
  <suite name="Default suite" duration-ms="27286" started-at="2021-10-13T09:57:22Z" finished-at="2021-10-13T09:57:49Z">
    <groups>
    </groups>
    <test name="Default test" duration-ms="27286" started-at="2021-10-13T09:57:22Z" finished-at="2021-10-13T09:57:49Z">
      <class name="appTests.SeleniumDev">
        <test-method status="PASS" signature="beforeTest()[pri:0, instance:appTests.SeleniumDev@3c9d0b9d]" name="beforeTest" is-config="true" duration-ms="18701" started-at="2021-10-13T09:57:22Z" finished-at="2021-10-13T09:57:40Z">
          <reporter-output>
          </reporter-output>
        </test-method> <!-- beforeTest -->
        <test-method status="PASS" signature="titleTest()[pri:0, instance:appTests.SeleniumDev@3c9d0b9d]" name="titleTest" duration-ms="5825" started-at="2021-10-13T09:57:41Z" finished-at="2021-10-13T09:57:46Z">
          <reporter-output>
          </reporter-output>
        </test-method> <!-- titleTest -->
        <test-method status="PASS" signature="afterTest()[pri:0, instance:appTests.SeleniumDev@3c9d0b9d]" name="afterTest" is-config="true" duration-ms="2665" started-at="2021-10-13T09:57:46Z" finished-at="2021-10-13T09:57:49Z">
          <reporter-output>
          </reporter-output>
        </test-method> <!-- afterTest -->
      </class> <!-- appTests.SeleniumDev -->
    </test> <!-- Default test -->
  </suite> <!-- Default suite -->
</testng-results>
